Build started 2/4/2013 11:03:37 PM.
     1>Project "F:\Code Projects\C\Jedi Knight Galaxies\Tools\JKG Studio\trunk\JKGStudio\JKGStudio.vcxproj" on node 2 (build target(s)).
     1>InitializeBuildStatus:
         Touching "Release\JKGStudio.unsuccessfulbuild".
       CustomBuild:
         All outputs are up-to-date.
       ClCompile:
         All outputs are up-to-date.
         All outputs are up-to-date.
       ResourceCompile:
         All outputs are up-to-date.
       Link:
         f:\Installed Programs\Microsoft Visual Studio 10.0\VC\bin\link.exe /ERRORREPORT:PROMPT /OUT:"F:\Code Projects\C\Jedi Knight Galaxies\Tools\JKG Studio\trunk\\JKGStudio.exe" /NOLOGO /LIBPATH:C:\Qt\4.8.2\lib qtmain.lib QtCore4.lib QtGui4.lib QtNetwork4.lib qscintilla2.lib kernel32.lib user32.lib gdi32.lib winspool.lib comdlg32.lib advapi32.lib shell32.lib ole32.lib oleaut32.lib uuid.lib odbc32.lib odbccp32.lib /MANIFEST /ManifestFile:"Release\JKGStudio.exe.intermediate.manifest" /MANIFESTUAC:"level='asInvoker' uiAccess='false'" /PDB:"F:\Code Projects\C\Jedi Knight Galaxies\Tools\JKG Studio\trunk\JKGStudio.pdb" /SUBSYSTEM:WINDOWS /TLBID:1 /DYNAMICBASE /NXCOMPAT /IMPLIB:"F:\Code Projects\C\Jedi Knight Galaxies\Tools\JKG Studio\trunk\JKGStudio.lib" /MACHINE:X86 Release\JKGStudio.res
         Release\qtwindowlistmenu.obj
         Release\dlgeditor.obj
         Release\dlgmodel.obj
         Release\dlgnode.obj
         Release\dlgundo.obj
         Release\fontwizard.obj
         Release\qrc_jkgstudio.obj
         Release\moc_dlgeditor.obj
         Release\moc_dlgmodel.obj
         Release\moc_fontwizard.obj
         Release\moc_glualexer.obj
         Release\moc_jkgstudio.obj
         Release\moc_luaeditor.obj
         Release\moc_mdibase.obj
         Release\moc_propertymanager.obj
         Release\moc_qgluaeditor.obj
         Release\moc_qtwindowlistmenu.obj
         Release\moc_scripteditor.obj
         Release\moc_scriptproperty.obj
         Release\glualexer.obj
         Release\jkgstudio.obj
         Release\luaeditor.obj
         Release\main.obj
         Release\propertymanager.obj
         Release\qgluaeditor.obj
         Release\scripteditor.obj
         Release\scriptproperty.obj
     1>dlgnode.obj : error LNK2019: unresolved external symbol "__declspec(dllimport) public: void __thiscall QtProperty::setEnabled(bool)" (__imp_?setEnabled@QtProperty@@QAEX_N@Z) referenced in function "public: virtual void __thiscall DlgEntrypointNode::setProperty(class QtProperty *,class QVariant const &,bool)" (?setProperty@DlgEntrypointNode@@UAEXPAVQtProperty@@ABVQVariant@@_N@Z)
     1>dlgundo.obj : error LNK2019: unresolved external symbol "__declspec(dllimport) public: class QString __thiscall QtProperty::propertyName(void)const " (__imp_?propertyName@QtProperty@@QBE?AVQString@@XZ) referenced in function "public: __thiscall DlgSetPropertyCommand::DlgSetPropertyCommand(class DlgModel *,class QTreeView *,class QModelIndex const &,class QtProperty *,class QVariant const &,bool,class QUndoCommand *)" (??0DlgSetPropertyCommand@@QAE@PAVDlgModel@@PAVQTreeView@@ABVQModelIndex@@PAVQtProperty@@ABVQVariant@@_NPAVQUndoCommand@@@Z)
     1>moc_scriptproperty.obj : error LNK2019: unresolved external symbol "__declspec(dllimport) public: virtual void * __thiscall QtAbstractPropertyManager::qt_metacast(char const *)" (__imp_?qt_metacast@QtAbstractPropertyManager@@UAEPAXPBD@Z) referenced in function "public: virtual void * __thiscall QtScriptPropertyManager::qt_metacast(char const *)" (?qt_metacast@QtScriptPropertyManager@@UAEPAXPBD@Z)
     1>moc_scriptproperty.obj : error LNK2019: unresolved external symbol "__declspec(dllimport) public: virtual void * __thiscall QtAbstractEditorFactoryBase::qt_metacast(char const *)" (__imp_?qt_metacast@QtAbstractEditorFactoryBase@@UAEPAXPBD@Z) referenced in function "public: virtual void * __thiscall QtScriptEditFactory::qt_metacast(char const *)" (?qt_metacast@QtScriptEditFactory@@UAEPAXPBD@Z)
     1>moc_scriptproperty.obj : error LNK2019: unresolved external symbol "__declspec(dllimport) public: virtual int __thiscall QtAbstractEditorFactoryBase::qt_metacall(enum QMetaObject::Call,int,void * *)" (__imp_?qt_metacall@QtAbstractEditorFactoryBase@@UAEHW4Call@QMetaObject@@HPAPAX@Z) referenced in function "public: virtual int __thiscall QtScriptEditFactory::qt_metacall(enum QMetaObject::Call,int,void * *)" (?qt_metacall@QtScriptEditFactory@@UAEHW4Call@QMetaObject@@HPAPAX@Z)
     1>moc_scriptproperty.obj : error LNK2019: unresolved external symbol "__declspec(dllimport) public: virtual int __thiscall QtAbstractPropertyManager::qt_metacall(enum QMetaObject::Call,int,void * *)" (__imp_?qt_metacall@QtAbstractPropertyManager@@UAEHW4Call@QMetaObject@@HPAPAX@Z) referenced in function "public: virtual int __thiscall QtScriptPropertyManager::qt_metacall(enum QMetaObject::Call,int,void * *)" (?qt_metacall@QtScriptPropertyManager@@UAEHW4Call@QMetaObject@@HPAPAX@Z)
     1>moc_scriptproperty.obj : error LNK2019: unresolved external symbol "__declspec(dllimport) public: static struct QMetaObject const QtAbstractPropertyManager::staticMetaObject" (__imp_?staticMetaObject@QtAbstractPropertyManager@@2UQMetaObject@@B) referenced in function "void __cdecl `dynamic initializer for 'public: static struct QMetaObject const QtScriptPropertyManager::staticMetaObject''(void)" (??__E?staticMetaObject@QtScriptPropertyManager@@2UQMetaObject@@B@@YAXXZ)
     1>moc_scriptproperty.obj : error LNK2019: unresolved external symbol "__declspec(dllimport) public: static struct QMetaObject const QtAbstractEditorFactoryBase::staticMetaObject" (__imp_?staticMetaObject@QtAbstractEditorFactoryBase@@2UQMetaObject@@B) referenced in function "void __cdecl `dynamic initializer for 'public: static struct QMetaObject const QtScriptEditFactory::staticMetaObject''(void)" (??__E?staticMetaObject@QtScriptEditFactory@@2UQMetaObject@@B@@YAXXZ)
     1>jkgstudio.obj : error LNK2019: unresolved external symbol "__declspec(dllimport) public: __thiscall QtTreePropertyBrowser::QtTreePropertyBrowser(class QWidget *)" (__imp_??0QtTreePropertyBrowser@@QAE@PAVQWidget@@@Z) referenced in function "public: __thiscall JKGStudio::JKGStudio(class QWidget *,class QFlags<enum Qt::WindowType>)" (??0JKGStudio@@QAE@PAVQWidget@@V?$QFlags@W4WindowType@Qt@@@@@Z)
     1>jkgstudio.obj : error LNK2001: unresolved external symbol "public: virtual struct QMetaObject const * __thiscall QtTreePropertyBrowser::metaObject(void)const " (?metaObject@QtTreePropertyBrowser@@UBEPBUQMetaObject@@XZ)
     1>jkgstudio.obj : error LNK2001: unresolved external symbol "public: virtual void * __thiscall QtTreePropertyBrowser::qt_metacast(char const *)" (?qt_metacast@QtTreePropertyBrowser@@UAEPAXPBD@Z)
     1>jkgstudio.obj : error LNK2001: unresolved external symbol "public: virtual int __thiscall QtTreePropertyBrowser::qt_metacall(enum QMetaObject::Call,int,void * *)" (?qt_metacall@QtTreePropertyBrowser@@UAEHW4Call@QMetaObject@@HPAPAX@Z)
     1>jkgstudio.obj : error LNK2001: unresolved external symbol "protected: virtual void __thiscall QtTreePropertyBrowser::itemInserted(class QtBrowserItem *,class QtBrowserItem *)" (?itemInserted@QtTreePropertyBrowser@@MAEXPAVQtBrowserItem@@0@Z)
     1>jkgstudio.obj : error LNK2001: unresolved external symbol "protected: virtual void __thiscall QtTreePropertyBrowser::itemRemoved(class QtBrowserItem *)" (?itemRemoved@QtTreePropertyBrowser@@MAEXPAVQtBrowserItem@@@Z)
     1>jkgstudio.obj : error LNK2001: unresolved external symbol "protected: virtual void __thiscall QtTreePropertyBrowser::itemChanged(class QtBrowserItem *)" (?itemChanged@QtTreePropertyBrowser@@MAEXPAVQtBrowserItem@@@Z)
     1>jkgstudio.obj : error LNK2001: unresolved external symbol "protected: virtual class QWidget * __thiscall QtAbstractPropertyBrowser::createEditor(class QtProperty *,class QWidget *)" (?createEditor@QtAbstractPropertyBrowser@@MAEPAVQWidget@@PAVQtProperty@@PAV2@@Z)
     1>jkgstudio.obj : error LNK2019: unresolved external symbol "__declspec(dllimport) public: virtual __thiscall QtTreePropertyBrowser::~QtTreePropertyBrowser(void)" (__imp_??1QtTreePropertyBrowser@@UAE@XZ) referenced in function "public: virtual void * __thiscall QtTreePropertyBrowser::`scalar deleting destructor'(unsigned int)" (??_GQtTreePropertyBrowser@@UAEPAXI@Z)
     1>propertymanager.obj : error LNK2019: unresolved external symbol "__declspec(dllimport) public: void __thiscall QtBoolPropertyManager::setValue(class QtProperty *,bool)" (__imp_?setValue@QtBoolPropertyManager@@QAEXPAVQtProperty@@_N@Z) referenced in function "public: void __thiscall PropertyManager::setBoolValue(class QtProperty *,bool)" (?setBoolValue@PropertyManager@@QAEXPAVQtProperty@@_N@Z)
     1>propertymanager.obj : error LNK2019: unresolved external symbol "__declspec(dllimport) public: void __thiscall QtStringPropertyManager::setValue(class QtProperty *,class QString const &)" (__imp_?setValue@QtStringPropertyManager@@QAEXPAVQtProperty@@ABVQString@@@Z) referenced in function "public: void __thiscall PropertyManager::setStringValue(class QtProperty *,class QString const &)" (?setStringValue@PropertyManager@@QAEXPAVQtProperty@@ABVQString@@@Z)
     1>propertymanager.obj : error LNK2019: unresolved external symbol "__declspec(dllimport) public: void __thiscall QtIntPropertyManager::setValue(class QtProperty *,int)" (__imp_?setValue@QtIntPropertyManager@@QAEXPAVQtProperty@@H@Z) referenced in function "public: void __thiscall PropertyManager::setIntValue(class QtProperty *,int)" (?setIntValue@PropertyManager@@QAEXPAVQtProperty@@H@Z)
     1>propertymanager.obj : error LNK2019: unresolved external symbol "__declspec(dllimport) public: class QtAbstractPropertyManager * __thiscall QtProperty::propertyManager(void)const " (__imp_?propertyManager@QtProperty@@QBEPAVQtAbstractPropertyManager@@XZ) referenced in function "public: void __thiscall PropertyManager::setValue(class QtProperty *,class QVariant const &)" (?setValue@PropertyManager@@QAEXPAVQtProperty@@ABVQVariant@@@Z)
     1>scriptproperty.obj : error LNK2001: unresolved external symbol "__declspec(dllimport) public: class QtAbstractPropertyManager * __thiscall QtProperty::propertyManager(void)const " (__imp_?propertyManager@QtProperty@@QBEPAVQtAbstractPropertyManager@@XZ)
     1>propertymanager.obj : error LNK2019: unresolved external symbol "__declspec(dllimport) public: bool __thiscall QtBoolPropertyManager::value(class QtProperty const *)const " (__imp_?value@QtBoolPropertyManager@@QBE_NPBVQtProperty@@@Z) referenced in function "public: bool __thiscall PropertyManager::getBoolValue(class QtProperty *)" (?getBoolValue@PropertyManager@@QAE_NPAVQtProperty@@@Z)
     1>propertymanager.obj : error LNK2019: unresolved external symbol "__declspec(dllimport) public: class QString __thiscall QtStringPropertyManager::value(class QtProperty const *)const " (__imp_?value@QtStringPropertyManager@@QBE?AVQString@@PBVQtProperty@@@Z) referenced in function "public: class QString __thiscall PropertyManager::getStringValue(class QtProperty *)" (?getStringValue@PropertyManager@@QAE?AVQString@@PAVQtProperty@@@Z)
     1>propertymanager.obj : error LNK2019: unresolved external symbol "__declspec(dllimport) public: int __thiscall QtIntPropertyManager::value(class QtProperty const *)const " (__imp_?value@QtIntPropertyManager@@QBEHPBVQtProperty@@@Z) referenced in function "public: int __thiscall PropertyManager::getIntValue(class QtProperty *)" (?getIntValue@PropertyManager@@QAEHPAVQtProperty@@@Z)
     1>propertymanager.obj : error LNK2019: unresolved external symbol "__declspec(dllimport) public: void __thiscall QtAbstractEditorFactory<class QtBoolPropertyManager>::addPropertyManager(class QtBoolPropertyManager *)" (__imp_?addPropertyManager@?$QtAbstractEditorFactory@VQtBoolPropertyManager@@@@QAEXPAVQtBoolPropertyManager@@@Z) referenced in function "public: void __thiscall QtAbstractPropertyBrowser::setFactoryForManager<class QtBoolPropertyManager>(class QtBoolPropertyManager *,class QtAbstractEditorFactory<class QtBoolPropertyManager> *)" (??$setFactoryForManager@VQtBoolPropertyManager@@@QtAbstractPropertyBrowser@@QAEXPAVQtBoolPropertyManager@@PAV?$QtAbstractEditorFactory@VQtBoolPropertyManager@@@@@Z)
     1>propertymanager.obj : error LNK2019: unresolved external symbol "__declspec(dllimport) private: bool __thiscall QtAbstractPropertyBrowser::addFactory(class QtAbstractPropertyManager *,class QtAbstractEditorFactoryBase *)" (__imp_?addFactory@QtAbstractPropertyBrowser@@AAE_NPAVQtAbstractPropertyManager@@PAVQtAbstractEditorFactoryBase@@@Z) referenced in function "public: void __thiscall QtAbstractPropertyBrowser::setFactoryForManager<class QtBoolPropertyManager>(class QtBoolPropertyManager *,class QtAbstractEditorFactory<class QtBoolPropertyManager> *)" (??$setFactoryForManager@VQtBoolPropertyManager@@@QtAbstractPropertyBrowser@@QAEXPAVQtBoolPropertyManager@@PAV?$QtAbstractEditorFactory@VQtBoolPropertyManager@@@@@Z)
     1>propertymanager.obj : error LNK2019: unresolved external symbol "__declspec(dllimport) public: void __thiscall QtAbstractEditorFactory<class QtStringPropertyManager>::addPropertyManager(class QtStringPropertyManager *)" (__imp_?addPropertyManager@?$QtAbstractEditorFactory@VQtStringPropertyManager@@@@QAEXPAVQtStringPropertyManager@@@Z) referenced in function "public: void __thiscall QtAbstractPropertyBrowser::setFactoryForManager<class QtStringPropertyManager>(class QtStringPropertyManager *,class QtAbstractEditorFactory<class QtStringPropertyManager> *)" (??$setFactoryForManager@VQtStringPropertyManager@@@QtAbstractPropertyBrowser@@QAEXPAVQtStringPropertyManager@@PAV?$QtAbstractEditorFactory@VQtStringPropertyManager@@@@@Z)
     1>propertymanager.obj : error LNK2019: unresolved external symbol "__declspec(dllimport) public: void __thiscall QtAbstractEditorFactory<class QtIntPropertyManager>::addPropertyManager(class QtIntPropertyManager *)" (__imp_?addPropertyManager@?$QtAbstractEditorFactory@VQtIntPropertyManager@@@@QAEXPAVQtIntPropertyManager@@@Z) referenced in function "public: void __thiscall QtAbstractPropertyBrowser::setFactoryForManager<class QtIntPropertyManager>(class QtIntPropertyManager *,class QtAbstractEditorFactory<class QtIntPropertyManager> *)" (??$setFactoryForManager@VQtIntPropertyManager@@@QtAbstractPropertyBrowser@@QAEXPAVQtIntPropertyManager@@PAV?$QtAbstractEditorFactory@VQtIntPropertyManager@@@@@Z)
     1>propertymanager.obj : error LNK2019: unresolved external symbol "__declspec(dllimport) public: class QtBrowserItem * __thiscall QtAbstractPropertyBrowser::addProperty(class QtProperty *)" (__imp_?addProperty@QtAbstractPropertyBrowser@@QAEPAVQtBrowserItem@@PAVQtProperty@@@Z) referenced in function "public: void __thiscall PropertyManager::setActiveOwner(void *)" (?setActiveOwner@PropertyManager@@QAEXPAX@Z)
     1>propertymanager.obj : error LNK2019: unresolved external symbol "__declspec(dllimport) public: void __thiscall QtAbstractPropertyBrowser::clear(void)" (__imp_?clear@QtAbstractPropertyBrowser@@QAEXXZ) referenced in function "public: void __thiscall PropertyManager::setActiveOwner(void *)" (?setActiveOwner@PropertyManager@@QAEXPAX@Z)
     1>propertymanager.obj : error LNK2019: unresolved external symbol "__declspec(dllimport) public: __thiscall QtSpinBoxFactory::QtSpinBoxFactory(class QObject *)" (__imp_??0QtSpinBoxFactory@@QAE@PAVQObject@@@Z) referenced in function "public: __thiscall PropertyManager::PropertyManager(class QtAbstractPropertyBrowser *,class QObject *)" (??0PropertyManager@@QAE@PAVQtAbstractPropertyBrowser@@PAVQObject@@@Z)
     1>propertymanager.obj : error LNK2019: unresolved external symbol "__declspec(dllimport) public: __thiscall QtLineEditFactory::QtLineEditFactory(class QObject *)" (__imp_??0QtLineEditFactory@@QAE@PAVQObject@@@Z) referenced in function "public: __thiscall PropertyManager::PropertyManager(class QtAbstractPropertyBrowser *,class QObject *)" (??0PropertyManager@@QAE@PAVQtAbstractPropertyBrowser@@PAVQObject@@@Z)
     1>propertymanager.obj : error LNK2019: unresolved external symbol "__declspec(dllimport) public: __thiscall QtCheckBoxFactory::QtCheckBoxFactory(class QObject *)" (__imp_??0QtCheckBoxFactory@@QAE@PAVQObject@@@Z) referenced in function "public: __thiscall PropertyManager::PropertyManager(class QtAbstractPropertyBrowser *,class QObject *)" (??0PropertyManager@@QAE@PAVQtAbstractPropertyBrowser@@PAVQObject@@@Z)
     1>propertymanager.obj : error LNK2019: unresolved external symbol "__declspec(dllimport) public: __thiscall QtGroupPropertyManager::QtGroupPropertyManager(class QObject *)" (__imp_??0QtGroupPropertyManager@@QAE@PAVQObject@@@Z) referenced in function "public: __thiscall PropertyManager::PropertyManager(class QtAbstractPropertyBrowser *,class QObject *)" (??0PropertyManager@@QAE@PAVQtAbstractPropertyBrowser@@PAVQObject@@@Z)
     1>propertymanager.obj : error LNK2019: unresolved external symbol "__declspec(dllimport) public: __thiscall QtIntPropertyManager::QtIntPropertyManager(class QObject *)" (__imp_??0QtIntPropertyManager@@QAE@PAVQObject@@@Z) referenced in function "public: __thiscall PropertyManager::PropertyManager(class QtAbstractPropertyBrowser *,class QObject *)" (??0PropertyManager@@QAE@PAVQtAbstractPropertyBrowser@@PAVQObject@@@Z)
     1>propertymanager.obj : error LNK2019: unresolved external symbol "__declspec(dllimport) public: __thiscall QtStringPropertyManager::QtStringPropertyManager(class QObject *)" (__imp_??0QtStringPropertyManager@@QAE@PAVQObject@@@Z) referenced in function "public: __thiscall PropertyManager::PropertyManager(class QtAbstractPropertyBrowser *,class QObject *)" (??0PropertyManager@@QAE@PAVQtAbstractPropertyBrowser@@PAVQObject@@@Z)
     1>propertymanager.obj : error LNK2019: unresolved external symbol "__declspec(dllimport) public: __thiscall QtBoolPropertyManager::QtBoolPropertyManager(class QObject *)" (__imp_??0QtBoolPropertyManager@@QAE@PAVQObject@@@Z) referenced in function "public: __thiscall PropertyManager::PropertyManager(class QtAbstractPropertyBrowser *,class QObject *)" (??0PropertyManager@@QAE@PAVQtAbstractPropertyBrowser@@PAVQObject@@@Z)
     1>propertymanager.obj : error LNK2001: unresolved external symbol "public: virtual struct QMetaObject const * __thiscall QtBoolPropertyManager::metaObject(void)const " (?metaObject@QtBoolPropertyManager@@UBEPBUQMetaObject@@XZ)
     1>propertymanager.obj : error LNK2001: unresolved external symbol "public: virtual void * __thiscall QtBoolPropertyManager::qt_metacast(char const *)" (?qt_metacast@QtBoolPropertyManager@@UAEPAXPBD@Z)
     1>propertymanager.obj : error LNK2001: unresolved external symbol "public: virtual int __thiscall QtBoolPropertyManager::qt_metacall(enum QMetaObject::Call,int,void * *)" (?qt_metacall@QtBoolPropertyManager@@UAEHW4Call@QMetaObject@@HPAPAX@Z)
     1>propertymanager.obj : error LNK2001: unresolved external symbol "protected: virtual bool __thiscall QtAbstractPropertyManager::hasValue(class QtProperty const *)const " (?hasValue@QtAbstractPropertyManager@@MBE_NPBVQtProperty@@@Z)
     1>scriptproperty.obj : error LNK2001: unresolved external symbol "protected: virtual bool __thiscall QtAbstractPropertyManager::hasValue(class QtProperty const *)const " (?hasValue@QtAbstractPropertyManager@@MBE_NPBVQtProperty@@@Z)
     1>propertymanager.obj : error LNK2001: unresolved external symbol "protected: virtual class QIcon __thiscall QtBoolPropertyManager::valueIcon(class QtProperty const *)const " (?valueIcon@QtBoolPropertyManager@@MBE?AVQIcon@@PBVQtProperty@@@Z)
     1>propertymanager.obj : error LNK2001: unresolved external symbol "protected: virtual class QString __thiscall QtBoolPropertyManager::valueText(class QtProperty const *)const " (?valueText@QtBoolPropertyManager@@MBE?AVQString@@PBVQtProperty@@@Z)
     1>propertymanager.obj : error LNK2001: unresolved external symbol "protected: virtual class QString __thiscall QtAbstractPropertyManager::displayText(class QtProperty const *)const " (?displayText@QtAbstractPropertyManager@@MBE?AVQString@@PBVQtProperty@@@Z)
     1>scriptproperty.obj : error LNK2001: unresolved external symbol "protected: virtual class QString __thiscall QtAbstractPropertyManager::displayText(class QtProperty const *)const " (?displayText@QtAbstractPropertyManager@@MBE?AVQString@@PBVQtProperty@@@Z)
     1>propertymanager.obj : error LNK2001: unresolved external symbol "protected: virtual enum QLineEdit::EchoMode __thiscall QtAbstractPropertyManager::echoMode(class QtProperty const *)const " (?echoMode@QtAbstractPropertyManager@@MBE?AW4EchoMode@QLineEdit@@PBVQtProperty@@@Z)
     1>scriptproperty.obj : error LNK2001: unresolved external symbol "protected: virtual enum QLineEdit::EchoMode __thiscall QtAbstractPropertyManager::echoMode(class QtProperty const *)const " (?echoMode@QtAbstractPropertyManager@@MBE?AW4EchoMode@QLineEdit@@PBVQtProperty@@@Z)
     1>propertymanager.obj : error LNK2001: unresolved external symbol "protected: virtual void __thiscall QtBoolPropertyManager::initializeProperty(class QtProperty *)" (?initializeProperty@QtBoolPropertyManager@@MAEXPAVQtProperty@@@Z)
     1>propertymanager.obj : error LNK2001: unresolved external symbol "protected: virtual void __thiscall QtBoolPropertyManager::uninitializeProperty(class QtProperty *)" (?uninitializeProperty@QtBoolPropertyManager@@MAEXPAVQtProperty@@@Z)
     1>propertymanager.obj : error LNK2001: unresolved external symbol "protected: virtual class QtProperty * __thiscall QtAbstractPropertyManager::createProperty(void)" (?createProperty@QtAbstractPropertyManager@@MAEPAVQtProperty@@XZ)
     1>scriptproperty.obj : error LNK2001: unresolved external symbol "protected: virtual class QtProperty * __thiscall QtAbstractPropertyManager::createProperty(void)" (?createProperty@QtAbstractPropertyManager@@MAEPAVQtProperty@@XZ)
     1>propertymanager.obj : error LNK2001: unresolved external symbol "public: virtual struct QMetaObject const * __thiscall QtStringPropertyManager::metaObject(void)const " (?metaObject@QtStringPropertyManager@@UBEPBUQMetaObject@@XZ)
     1>propertymanager.obj : error LNK2001: unresolved external symbol "public: virtual void * __thiscall QtStringPropertyManager::qt_metacast(char const *)" (?qt_metacast@QtStringPropertyManager@@UAEPAXPBD@Z)
     1>propertymanager.obj : error LNK2001: unresolved external symbol "public: virtual int __thiscall QtStringPropertyManager::qt_metacall(enum QMetaObject::Call,int,void * *)" (?qt_metacall@QtStringPropertyManager@@UAEHW4Call@QMetaObject@@HPAPAX@Z)
     1>propertymanager.obj : error LNK2001: unresolved external symbol "protected: virtual class QIcon __thiscall QtAbstractPropertyManager::valueIcon(class QtProperty const *)const " (?valueIcon@QtAbstractPropertyManager@@MBE?AVQIcon@@PBVQtProperty@@@Z)
     1>propertymanager.obj : error LNK2001: unresolved external symbol "protected: virtual class QString __thiscall QtStringPropertyManager::valueText(class QtProperty const *)const " (?valueText@QtStringPropertyManager@@MBE?AVQString@@PBVQtProperty@@@Z)
     1>propertymanager.obj : error LNK2001: unresolved external symbol "protected: virtual class QString __thiscall QtStringPropertyManager::displayText(class QtProperty const *)const " (?displayText@QtStringPropertyManager@@MBE?AVQString@@PBVQtProperty@@@Z)
     1>propertymanager.obj : error LNK2001: unresolved external symbol "public: virtual enum QLineEdit::EchoMode __thiscall QtStringPropertyManager::echoMode(class QtProperty const *)const " (?echoMode@QtStringPropertyManager@@UBE?AW4EchoMode@QLineEdit@@PBVQtProperty@@@Z)
     1>propertymanager.obj : error LNK2001: unresolved external symbol "protected: virtual void __thiscall QtStringPropertyManager::initializeProperty(class QtProperty *)" (?initializeProperty@QtStringPropertyManager@@MAEXPAVQtProperty@@@Z)
     1>propertymanager.obj : error LNK2001: unresolved external symbol "protected: virtual void __thiscall QtStringPropertyManager::uninitializeProperty(class QtProperty *)" (?uninitializeProperty@QtStringPropertyManager@@MAEXPAVQtProperty@@@Z)
     1>propertymanager.obj : error LNK2001: unresolved external symbol "public: virtual struct QMetaObject const * __thiscall QtIntPropertyManager::metaObject(void)const " (?metaObject@QtIntPropertyManager@@UBEPBUQMetaObject@@XZ)
     1>propertymanager.obj : error LNK2001: unresolved external symbol "public: virtual void * __thiscall QtIntPropertyManager::qt_metacast(char const *)" (?qt_metacast@QtIntPropertyManager@@UAEPAXPBD@Z)
     1>propertymanager.obj : error LNK2001: unresolved external symbol "public: virtual int __thiscall QtIntPropertyManager::qt_metacall(enum QMetaObject::Call,int,void * *)" (?qt_metacall@QtIntPropertyManager@@UAEHW4Call@QMetaObject@@HPAPAX@Z)
     1>propertymanager.obj : error LNK2001: unresolved external symbol "protected: virtual class QString __thiscall QtIntPropertyManager::valueText(class QtProperty const *)const " (?valueText@QtIntPropertyManager@@MBE?AVQString@@PBVQtProperty@@@Z)
     1>propertymanager.obj : error LNK2001: unresolved external symbol "protected: virtual void __thiscall QtIntPropertyManager::initializeProperty(class QtProperty *)" (?initializeProperty@QtIntPropertyManager@@MAEXPAVQtProperty@@@Z)
     1>propertymanager.obj : error LNK2001: unresolved external symbol "protected: virtual void __thiscall QtIntPropertyManager::uninitializeProperty(class QtProperty *)" (?uninitializeProperty@QtIntPropertyManager@@MAEXPAVQtProperty@@@Z)
     1>propertymanager.obj : error LNK2001: unresolved external symbol "public: virtual struct QMetaObject const * __thiscall QtGroupPropertyManager::metaObject(void)const " (?metaObject@QtGroupPropertyManager@@UBEPBUQMetaObject@@XZ)
     1>propertymanager.obj : error LNK2001: unresolved external symbol "public: virtual void * __thiscall QtGroupPropertyManager::qt_metacast(char const *)" (?qt_metacast@QtGroupPropertyManager@@UAEPAXPBD@Z)
     1>propertymanager.obj : error LNK2001: unresolved external symbol "public: virtual int __thiscall QtGroupPropertyManager::qt_metacall(enum QMetaObject::Call,int,void * *)" (?qt_metacall@QtGroupPropertyManager@@UAEHW4Call@QMetaObject@@HPAPAX@Z)
     1>propertymanager.obj : error LNK2001: unresolved external symbol "protected: virtual bool __thiscall QtGroupPropertyManager::hasValue(class QtProperty const *)const " (?hasValue@QtGroupPropertyManager@@MBE_NPBVQtProperty@@@Z)
     1>propertymanager.obj : error LNK2001: unresolved external symbol "protected: virtual class QString __thiscall QtAbstractPropertyManager::valueText(class QtProperty const *)const " (?valueText@QtAbstractPropertyManager@@MBE?AVQString@@PBVQtProperty@@@Z)
     1>propertymanager.obj : error LNK2001: unresolved external symbol "protected: virtual void __thiscall QtGroupPropertyManager::initializeProperty(class QtProperty *)" (?initializeProperty@QtGroupPropertyManager@@MAEXPAVQtProperty@@@Z)
     1>propertymanager.obj : error LNK2001: unresolved external symbol "protected: virtual void __thiscall QtGroupPropertyManager::uninitializeProperty(class QtProperty *)" (?uninitializeProperty@QtGroupPropertyManager@@MAEXPAVQtProperty@@@Z)
     1>propertymanager.obj : error LNK2001: unresolved external symbol "public: virtual struct QMetaObject const * __thiscall QtCheckBoxFactory::metaObject(void)const " (?metaObject@QtCheckBoxFactory@@UBEPBUQMetaObject@@XZ)
     1>propertymanager.obj : error LNK2001: unresolved external symbol "public: virtual void * __thiscall QtCheckBoxFactory::qt_metacast(char const *)" (?qt_metacast@QtCheckBoxFactory@@UAEPAXPBD@Z)
     1>propertymanager.obj : error LNK2001: unresolved external symbol "public: virtual int __thiscall QtCheckBoxFactory::qt_metacall(enum QMetaObject::Call,int,void * *)" (?qt_metacall@QtCheckBoxFactory@@UAEHW4Call@QMetaObject@@HPAPAX@Z)
     1>propertymanager.obj : error LNK2001: unresolved external symbol "public: virtual class QWidget * __thiscall QtAbstractEditorFactory<class QtBoolPropertyManager>::createEditor(class QtProperty *,class QWidget *)" (?createEditor@?$QtAbstractEditorFactory@VQtBoolPropertyManager@@@@UAEPAVQWidget@@PAVQtProperty@@PAV2@@Z)
     1>propertymanager.obj : error LNK2001: unresolved external symbol "private: virtual void __thiscall QtAbstractEditorFactory<class QtBoolPropertyManager>::breakConnection(class QtAbstractPropertyManager *)" (?breakConnection@?$QtAbstractEditorFactory@VQtBoolPropertyManager@@@@EAEXPAVQtAbstractPropertyManager@@@Z)
     1>propertymanager.obj : error LNK2001: unresolved external symbol "protected: virtual void __thiscall QtAbstractEditorFactory<class QtBoolPropertyManager>::managerDestroyed(class QObject *)" (?managerDestroyed@?$QtAbstractEditorFactory@VQtBoolPropertyManager@@@@MAEXPAVQObject@@@Z)
     1>propertymanager.obj : error LNK2001: unresolved external symbol "protected: virtual class QWidget * __thiscall QtCheckBoxFactory::createEditor(class QtBoolPropertyManager *,class QtProperty *,class QWidget *)" (?createEditor@QtCheckBoxFactory@@MAEPAVQWidget@@PAVQtBoolPropertyManager@@PAVQtProperty@@PAV2@@Z)
     1>propertymanager.obj : error LNK2001: unresolved external symbol "protected: virtual void __thiscall QtCheckBoxFactory::connectPropertyManager(class QtBoolPropertyManager *)" (?connectPropertyManager@QtCheckBoxFactory@@MAEXPAVQtBoolPropertyManager@@@Z)
     1>propertymanager.obj : error LNK2001: unresolved external symbol "protected: virtual void __thiscall QtCheckBoxFactory::disconnectPropertyManager(class QtBoolPropertyManager *)" (?disconnectPropertyManager@QtCheckBoxFactory@@MAEXPAVQtBoolPropertyManager@@@Z)
     1>propertymanager.obj : error LNK2001: unresolved external symbol "public: virtual struct QMetaObject const * __thiscall QtLineEditFactory::metaObject(void)const " (?metaObject@QtLineEditFactory@@UBEPBUQMetaObject@@XZ)
     1>propertymanager.obj : error LNK2001: unresolved external symbol "public: virtual void * __thiscall QtLineEditFactory::qt_metacast(char const *)" (?qt_metacast@QtLineEditFactory@@UAEPAXPBD@Z)
     1>propertymanager.obj : error LNK2001: unresolved external symbol "public: virtual int __thiscall QtLineEditFactory::qt_metacall(enum QMetaObject::Call,int,void * *)" (?qt_metacall@QtLineEditFactory@@UAEHW4Call@QMetaObject@@HPAPAX@Z)
     1>propertymanager.obj : error LNK2001: unresolved external symbol "public: virtual class QWidget * __thiscall QtAbstractEditorFactory<class QtStringPropertyManager>::createEditor(class QtProperty *,class QWidget *)" (?createEditor@?$QtAbstractEditorFactory@VQtStringPropertyManager@@@@UAEPAVQWidget@@PAVQtProperty@@PAV2@@Z)
     1>propertymanager.obj : error LNK2001: unresolved external symbol "private: virtual void __thiscall QtAbstractEditorFactory<class QtStringPropertyManager>::breakConnection(class QtAbstractPropertyManager *)" (?breakConnection@?$QtAbstractEditorFactory@VQtStringPropertyManager@@@@EAEXPAVQtAbstractPropertyManager@@@Z)
     1>propertymanager.obj : error LNK2001: unresolved external symbol "protected: virtual void __thiscall QtAbstractEditorFactory<class QtStringPropertyManager>::managerDestroyed(class QObject *)" (?managerDestroyed@?$QtAbstractEditorFactory@VQtStringPropertyManager@@@@MAEXPAVQObject@@@Z)
     1>propertymanager.obj : error LNK2001: unresolved external symbol "protected: virtual class QWidget * __thiscall QtLineEditFactory::createEditor(class QtStringPropertyManager *,class QtProperty *,class QWidget *)" (?createEditor@QtLineEditFactory@@MAEPAVQWidget@@PAVQtStringPropertyManager@@PAVQtProperty@@PAV2@@Z)
     1>propertymanager.obj : error LNK2001: unresolved external symbol "protected: virtual void __thiscall QtLineEditFactory::connectPropertyManager(class QtStringPropertyManager *)" (?connectPropertyManager@QtLineEditFactory@@MAEXPAVQtStringPropertyManager@@@Z)
     1>propertymanager.obj : error LNK2001: unresolved external symbol "protected: virtual void __thiscall QtLineEditFactory::disconnectPropertyManager(class QtStringPropertyManager *)" (?disconnectPropertyManager@QtLineEditFactory@@MAEXPAVQtStringPropertyManager@@@Z)
     1>propertymanager.obj : error LNK2001: unresolved external symbol "public: virtual struct QMetaObject const * __thiscall QtSpinBoxFactory::metaObject(void)const " (?metaObject@QtSpinBoxFactory@@UBEPBUQMetaObject@@XZ)
     1>propertymanager.obj : error LNK2001: unresolved external symbol "public: virtual void * __thiscall QtSpinBoxFactory::qt_metacast(char const *)" (?qt_metacast@QtSpinBoxFactory@@UAEPAXPBD@Z)
     1>propertymanager.obj : error LNK2001: unresolved external symbol "public: virtual int __thiscall QtSpinBoxFactory::qt_metacall(enum QMetaObject::Call,int,void * *)" (?qt_metacall@QtSpinBoxFactory@@UAEHW4Call@QMetaObject@@HPAPAX@Z)
     1>propertymanager.obj : error LNK2001: unresolved external symbol "public: virtual class QWidget * __thiscall QtAbstractEditorFactory<class QtIntPropertyManager>::createEditor(class QtProperty *,class QWidget *)" (?createEditor@?$QtAbstractEditorFactory@VQtIntPropertyManager@@@@UAEPAVQWidget@@PAVQtProperty@@PAV2@@Z)
     1>propertymanager.obj : error LNK2001: unresolved external symbol "private: virtual void __thiscall QtAbstractEditorFactory<class QtIntPropertyManager>::breakConnection(class QtAbstractPropertyManager *)" (?breakConnection@?$QtAbstractEditorFactory@VQtIntPropertyManager@@@@EAEXPAVQtAbstractPropertyManager@@@Z)
     1>propertymanager.obj : error LNK2001: unresolved external symbol "protected: virtual void __thiscall QtAbstractEditorFactory<class QtIntPropertyManager>::managerDestroyed(class QObject *)" (?managerDestroyed@?$QtAbstractEditorFactory@VQtIntPropertyManager@@@@MAEXPAVQObject@@@Z)
     1>propertymanager.obj : error LNK2001: unresolved external symbol "protected: virtual class QWidget * __thiscall QtSpinBoxFactory::createEditor(class QtIntPropertyManager *,class QtProperty *,class QWidget *)" (?createEditor@QtSpinBoxFactory@@MAEPAVQWidget@@PAVQtIntPropertyManager@@PAVQtProperty@@PAV2@@Z)
     1>propertymanager.obj : error LNK2001: unresolved external symbol "protected: virtual void __thiscall QtSpinBoxFactory::connectPropertyManager(class QtIntPropertyManager *)" (?connectPropertyManager@QtSpinBoxFactory@@MAEXPAVQtIntPropertyManager@@@Z)
     1>propertymanager.obj : error LNK2001: unresolved external symbol "protected: virtual void __thiscall QtSpinBoxFactory::disconnectPropertyManager(class QtIntPropertyManager *)" (?disconnectPropertyManager@QtSpinBoxFactory@@MAEXPAVQtIntPropertyManager@@@Z)
     1>propertymanager.obj : error LNK2019: unresolved external symbol "__declspec(dllimport) public: virtual __thiscall QtBoolPropertyManager::~QtBoolPropertyManager(void)" (__imp_??1QtBoolPropertyManager@@UAE@XZ) referenced in function "public: virtual void * __thiscall QtBoolPropertyManager::`scalar deleting destructor'(unsigned int)" (??_GQtBoolPropertyManager@@UAEPAXI@Z)
     1>propertymanager.obj : error LNK2019: unresolved external symbol "__declspec(dllimport) public: virtual __thiscall QtStringPropertyManager::~QtStringPropertyManager(void)" (__imp_??1QtStringPropertyManager@@UAE@XZ) referenced in function "public: virtual void * __thiscall QtStringPropertyManager::`scalar deleting destructor'(unsigned int)" (??_GQtStringPropertyManager@@UAEPAXI@Z)
     1>propertymanager.obj : error LNK2019: unresolved external symbol "__declspec(dllimport) public: virtual __thiscall QtIntPropertyManager::~QtIntPropertyManager(void)" (__imp_??1QtIntPropertyManager@@UAE@XZ) referenced in function "public: virtual void * __thiscall QtIntPropertyManager::`scalar deleting destructor'(unsigned int)" (??_GQtIntPropertyManager@@UAEPAXI@Z)
     1>propertymanager.obj : error LNK2019: unresolved external symbol "__declspec(dllimport) public: virtual __thiscall QtGroupPropertyManager::~QtGroupPropertyManager(void)" (__imp_??1QtGroupPropertyManager@@UAE@XZ) referenced in function "public: virtual void * __thiscall QtGroupPropertyManager::`scalar deleting destructor'(unsigned int)" (??_GQtGroupPropertyManager@@UAEPAXI@Z)
     1>propertymanager.obj : error LNK2019: unresolved external symbol "__declspec(dllimport) public: virtual __thiscall QtCheckBoxFactory::~QtCheckBoxFactory(void)" (__imp_??1QtCheckBoxFactory@@UAE@XZ) referenced in function "public: virtual void * __thiscall QtCheckBoxFactory::`scalar deleting destructor'(unsigned int)" (??_GQtCheckBoxFactory@@UAEPAXI@Z)
     1>propertymanager.obj : error LNK2019: unresolved external symbol "__declspec(dllimport) public: virtual __thiscall QtLineEditFactory::~QtLineEditFactory(void)" (__imp_??1QtLineEditFactory@@UAE@XZ) referenced in function "public: virtual void * __thiscall QtLineEditFactory::`scalar deleting destructor'(unsigned int)" (??_GQtLineEditFactory@@UAEPAXI@Z)
     1>propertymanager.obj : error LNK2019: unresolved external symbol "__declspec(dllimport) public: virtual __thiscall QtSpinBoxFactory::~QtSpinBoxFactory(void)" (__imp_??1QtSpinBoxFactory@@UAE@XZ) referenced in function "public: virtual void * __thiscall QtSpinBoxFactory::`scalar deleting destructor'(unsigned int)" (??_GQtSpinBoxFactory@@UAEPAXI@Z)
     1>propertymanager.obj : error LNK2019: unresolved external symbol "__declspec(dllimport) public: void __thiscall QtProperty::addSubProperty(class QtProperty *)" (__imp_?addSubProperty@QtProperty@@QAEXPAV1@@Z) referenced in function "public: class QtProperty * __thiscall PropertyManager::addBoolProperty(void *,class QString const &,bool,class QtProperty *)" (?addBoolProperty@PropertyManager@@QAEPAVQtProperty@@PAXABVQString@@_NPAV2@@Z)
     1>propertymanager.obj : error LNK2019: unresolved external symbol "__declspec(dllimport) public: class QtProperty * __thiscall QtAbstractPropertyManager::addProperty(class QString const &)" (__imp_?addProperty@QtAbstractPropertyManager@@QAEPAVQtProperty@@ABVQString@@@Z) referenced in function "public: class QtProperty * __thiscall PropertyManager::addBoolProperty(void *,class QString const &,bool,class QtProperty *)" (?addBoolProperty@PropertyManager@@QAEPAVQtProperty@@PAXABVQString@@_NPAV2@@Z)
     1>scriptproperty.obj : error LNK2001: unresolved external symbol "public: virtual struct QMetaObject const * __thiscall QtAbstractEditorFactoryBase::metaObject(void)const " (?metaObject@QtAbstractEditorFactoryBase@@UBEPBUQMetaObject@@XZ)
     1>scriptproperty.obj : error LNK2001: unresolved external symbol "public: virtual void * __thiscall QtAbstractEditorFactoryBase::qt_metacast(char const *)" (?qt_metacast@QtAbstractEditorFactoryBase@@UAEPAXPBD@Z)
     1>scriptproperty.obj : error LNK2001: unresolved external symbol "public: virtual int __thiscall QtAbstractEditorFactoryBase::qt_metacall(enum QMetaObject::Call,int,void * *)" (?qt_metacall@QtAbstractEditorFactoryBase@@UAEHW4Call@QMetaObject@@HPAPAX@Z)
     1>scriptproperty.obj : error LNK2019: unresolved external symbol "__declspec(dllimport) public: virtual __thiscall QtAbstractPropertyManager::~QtAbstractPropertyManager(void)" (__imp_??1QtAbstractPropertyManager@@UAE@XZ) referenced in function __unwindfunclet$??0QtScriptPropertyManager@@QAE@PAVQObject@@@Z$0
     1>scriptproperty.obj : error LNK2019: unresolved external symbol "__declspec(dllimport) public: __thiscall QtAbstractPropertyManager::QtAbstractPropertyManager(class QObject *)" (__imp_??0QtAbstractPropertyManager@@QAE@PAVQObject@@@Z) referenced in function "public: __thiscall QtScriptPropertyManager::QtScriptPropertyManager(class QObject *)" (??0QtScriptPropertyManager@@QAE@PAVQObject@@@Z)
     1>scriptproperty.obj : error LNK2019: unresolved external symbol "__declspec(dllimport) public: virtual __thiscall QtAbstractEditorFactoryBase::~QtAbstractEditorFactoryBase(void)" (__imp_??1QtAbstractEditorFactoryBase@@UAE@XZ) referenced in function __unwindfunclet$??1?$QtAbstractEditorFactory@VQtScriptPropertyManager@@@@UAE@XZ$0
     1>scriptproperty.obj : error LNK2019: unresolved external symbol "__declspec(dllimport) public: void __thiscall QtAbstractPropertyManager::clear(void)const " (__imp_?clear@QtAbstractPropertyManager@@QBEXXZ) referenced in function "public: virtual __thiscall QtScriptPropertyManager::~QtScriptPropertyManager(void)" (??1QtScriptPropertyManager@@UAE@XZ)
     1>scriptproperty.obj : error LNK2019: unresolved external symbol "__declspec(dllimport) protected: void __thiscall QtAbstractPropertyManager::propertyChanged(class QtProperty *)" (__imp_?propertyChanged@QtAbstractPropertyManager@@IAEXPAVQtProperty@@@Z) referenced in function "public: void __thiscall QtScriptPropertyManager::setValue(class QtProperty *,class QString)" (?setValue@QtScriptPropertyManager@@QAEXPAVQtProperty@@VQString@@@Z)
     1>F:\Code Projects\C\Jedi Knight Galaxies\Tools\JKG Studio\trunk\\JKGStudio.exe : fatal error LNK1120: 114 unresolved externals
     1>Done Building Project "F:\Code Projects\C\Jedi Knight Galaxies\Tools\JKG Studio\trunk\JKGStudio\JKGStudio.vcxproj" (build target(s)) -- FAILED.

Build FAILED.

Time Elapsed 00:00:01.68
