F:\CODE PROJECTS\C\JEDI KNIGHT GALAXIES\TOOLS\JKG STUDIO\TRUNK\JKGSTUDIO\GENERATEDFILES\QRC_JKGSTUDIO.CPP
F:\CODE PROJECTS\C\JEDI KNIGHT GALAXIES\TOOLS\JKG STUDIO\TRUNK\JKGSTUDIO\GENERATEDFILES\QRC_QTPROPERTYBROWSER.CPP
F:\CODE PROJECTS\C\JEDI KNIGHT GALAXIES\TOOLS\JKG STUDIO\TRUNK\JKGSTUDIO\GENERATEDFILES\RELEASE\MOC_DLGEDITOR.CPP
F:\CODE PROJECTS\C\JEDI KNIGHT GALAXIES\TOOLS\JKG STUDIO\TRUNK\JKGSTUDIO\GENERATEDFILES\RELEASE\MOC_DLGMODEL.CPP
F:\CODE PROJECTS\C\JEDI KNIGHT GALAXIES\TOOLS\JKG STUDIO\TRUNK\JKGSTUDIO\GENERATEDFILES\RELEASE\MOC_FONTWIZARD.CPP
F:\CODE PROJECTS\C\JEDI KNIGHT GALAXIES\TOOLS\JKG STUDIO\TRUNK\JKGSTUDIO\GENERATEDFILES\RELEASE\MOC_GLUALEXER.CPP
F:\CODE PROJECTS\C\JEDI KNIGHT GALAXIES\TOOLS\JKG STUDIO\TRUNK\JKGSTUDIO\GENERATEDFILES\RELEASE\MOC_JKGSTUDIO.CPP
F:\CODE PROJECTS\C\JEDI KNIGHT GALAXIES\TOOLS\JKG STUDIO\TRUNK\JKGSTUDIO\GENERATEDFILES\RELEASE\MOC_LUAEDITOR.CPP
F:\CODE PROJECTS\C\JEDI KNIGHT GALAXIES\TOOLS\JKG STUDIO\TRUNK\JKGSTUDIO\GENERATEDFILES\RELEASE\MOC_MDIBASE.CPP
F:\CODE PROJECTS\C\JEDI KNIGHT GALAXIES\TOOLS\JKG STUDIO\TRUNK\JKGSTUDIO\GENERATEDFILES\RELEASE\MOC_PROPERTYMANAGER.CPP
F:\CODE PROJECTS\C\JEDI KNIGHT GALAXIES\TOOLS\JKG STUDIO\TRUNK\JKGSTUDIO\GENERATEDFILES\RELEASE\MOC_QGLUAEDITOR.CPP
F:\CODE PROJECTS\C\JEDI KNIGHT GALAXIES\TOOLS\JKG STUDIO\TRUNK\JKGSTUDIO\GENERATEDFILES\RELEASE\MOC_QTBUTTONPROPERTYBROWSER.CPP
F:\CODE PROJECTS\C\JEDI KNIGHT GALAXIES\TOOLS\JKG STUDIO\TRUNK\JKGSTUDIO\GENERATEDFILES\RELEASE\MOC_QTEDITORFACTORY.CPP
F:\CODE PROJECTS\C\JEDI KNIGHT GALAXIES\TOOLS\JKG STUDIO\TRUNK\JKGSTUDIO\GENERATEDFILES\RELEASE\MOC_QTGROUPBOXPROPERTYBROWSER.CPP
F:\CODE PROJECTS\C\JEDI KNIGHT GALAXIES\TOOLS\JKG STUDIO\TRUNK\JKGSTUDIO\GENERATEDFILES\RELEASE\MOC_QTPROPERTYBROWSER.CPP
F:\CODE PROJECTS\C\JEDI KNIGHT GALAXIES\TOOLS\JKG STUDIO\TRUNK\JKGSTUDIO\GENERATEDFILES\RELEASE\MOC_QTPROPERTYBROWSERUTILS_P.CPP
F:\CODE PROJECTS\C\JEDI KNIGHT GALAXIES\TOOLS\JKG STUDIO\TRUNK\JKGSTUDIO\GENERATEDFILES\RELEASE\MOC_QTPROPERTYMANAGER.CPP
F:\CODE PROJECTS\C\JEDI KNIGHT GALAXIES\TOOLS\JKG STUDIO\TRUNK\JKGSTUDIO\GENERATEDFILES\RELEASE\MOC_QTTREEPROPERTYBROWSER.CPP
F:\CODE PROJECTS\C\JEDI KNIGHT GALAXIES\TOOLS\JKG STUDIO\TRUNK\JKGSTUDIO\GENERATEDFILES\RELEASE\MOC_QTVARIANTPROPERTY.CPP
F:\CODE PROJECTS\C\JEDI KNIGHT GALAXIES\TOOLS\JKG STUDIO\TRUNK\JKGSTUDIO\GENERATEDFILES\RELEASE\MOC_QTWINDOWLISTMENU.CPP
F:\CODE PROJECTS\C\JEDI KNIGHT GALAXIES\TOOLS\JKG STUDIO\TRUNK\JKGSTUDIO\GENERATEDFILES\RELEASE\MOC_SCRIPTEDITOR.CPP
F:\CODE PROJECTS\C\JEDI KNIGHT GALAXIES\TOOLS\JKG STUDIO\TRUNK\JKGSTUDIO\GENERATEDFILES\RELEASE\MOC_SCRIPTPROPERTY.CPP
F:\CODE PROJECTS\C\JEDI KNIGHT GALAXIES\TOOLS\JKG STUDIO\TRUNK\JKGSTUDIO\GENERATEDFILES\RELEASE\QTEDITORFACTORY.MOC
F:\CODE PROJECTS\C\JEDI KNIGHT GALAXIES\TOOLS\JKG STUDIO\TRUNK\JKGSTUDIO\GENERATEDFILES\RELEASE\QTPROPERTYMANAGER.MOC
F:\CODE PROJECTS\C\JEDI KNIGHT GALAXIES\TOOLS\JKG STUDIO\TRUNK\JKGSTUDIO\GENERATEDFILES\RELEASE\QTTREEPROPERTYBROWSER.MOC
F:\CODE PROJECTS\C\JEDI KNIGHT GALAXIES\TOOLS\JKG STUDIO\TRUNK\JKGSTUDIO\GENERATEDFILES\UI_JKGSTUDIO.H
F:\Code Projects\C\Jedi Knight Galaxies\Tools\JKG Studio\trunk\JKGStudio\Release\cl.command.1.tlog
F:\Code Projects\C\Jedi Knight Galaxies\Tools\JKG Studio\trunk\JKGStudio\Release\CL.read.1.tlog
F:\Code Projects\C\Jedi Knight Galaxies\Tools\JKG Studio\trunk\JKGStudio\Release\CL.write.1.tlog
F:\Code Projects\C\Jedi Knight Galaxies\Tools\JKG Studio\trunk\JKGStudio\Release\custombuild.command.1.tlog
F:\Code Projects\C\Jedi Knight Galaxies\Tools\JKG Studio\trunk\JKGStudio\Release\custombuild.read.1.tlog
F:\Code Projects\C\Jedi Knight Galaxies\Tools\JKG Studio\trunk\JKGStudio\Release\custombuild.write.1.tlog
F:\CODE PROJECTS\C\JEDI KNIGHT GALAXIES\TOOLS\JKG STUDIO\TRUNK\JKGSTUDIO\RELEASE\DLGEDITOR.OBJ
F:\CODE PROJECTS\C\JEDI KNIGHT GALAXIES\TOOLS\JKG STUDIO\TRUNK\JKGSTUDIO\RELEASE\DLGMODEL.OBJ
F:\CODE PROJECTS\C\JEDI KNIGHT GALAXIES\TOOLS\JKG STUDIO\TRUNK\JKGSTUDIO\RELEASE\DLGNODE.OBJ
F:\CODE PROJECTS\C\JEDI KNIGHT GALAXIES\TOOLS\JKG STUDIO\TRUNK\JKGSTUDIO\RELEASE\DLGUNDO.OBJ
F:\CODE PROJECTS\C\JEDI KNIGHT GALAXIES\TOOLS\JKG STUDIO\TRUNK\JKGSTUDIO\RELEASE\FONTWIZARD.OBJ
F:\CODE PROJECTS\C\JEDI KNIGHT GALAXIES\TOOLS\JKG STUDIO\TRUNK\JKGSTUDIO\RELEASE\GLUALEXER.OBJ
F:\CODE PROJECTS\C\JEDI KNIGHT GALAXIES\TOOLS\JKG STUDIO\TRUNK\JKGSTUDIO\RELEASE\JKGSTUDIO.OBJ
F:\CODE PROJECTS\C\JEDI KNIGHT GALAXIES\TOOLS\JKG STUDIO\TRUNK\JKGSTUDIO\RELEASE\JKGSTUDIO.RES
F:\Code Projects\C\Jedi Knight Galaxies\Tools\JKG Studio\trunk\JKGStudio\Release\link.command.1.tlog
F:\Code Projects\C\Jedi Knight Galaxies\Tools\JKG Studio\trunk\JKGStudio\Release\link.read.1.tlog
F:\Code Projects\C\Jedi Knight Galaxies\Tools\JKG Studio\trunk\JKGStudio\Release\link.write.1.tlog
F:\CODE PROJECTS\C\JEDI KNIGHT GALAXIES\TOOLS\JKG STUDIO\TRUNK\JKGSTUDIO\RELEASE\LUAEDITOR.OBJ
F:\CODE PROJECTS\C\JEDI KNIGHT GALAXIES\TOOLS\JKG STUDIO\TRUNK\JKGSTUDIO\RELEASE\MAIN.OBJ
F:\CODE PROJECTS\C\JEDI KNIGHT GALAXIES\TOOLS\JKG STUDIO\TRUNK\JKGSTUDIO\RELEASE\MOC_DLGEDITOR.OBJ
F:\CODE PROJECTS\C\JEDI KNIGHT GALAXIES\TOOLS\JKG STUDIO\TRUNK\JKGSTUDIO\RELEASE\MOC_DLGMODEL.OBJ
F:\CODE PROJECTS\C\JEDI KNIGHT GALAXIES\TOOLS\JKG STUDIO\TRUNK\JKGSTUDIO\RELEASE\MOC_FONTWIZARD.OBJ
F:\CODE PROJECTS\C\JEDI KNIGHT GALAXIES\TOOLS\JKG STUDIO\TRUNK\JKGSTUDIO\RELEASE\MOC_GLUALEXER.OBJ
F:\CODE PROJECTS\C\JEDI KNIGHT GALAXIES\TOOLS\JKG STUDIO\TRUNK\JKGSTUDIO\RELEASE\MOC_JKGSTUDIO.OBJ
F:\CODE PROJECTS\C\JEDI KNIGHT GALAXIES\TOOLS\JKG STUDIO\TRUNK\JKGSTUDIO\RELEASE\MOC_LUAEDITOR.OBJ
F:\CODE PROJECTS\C\JEDI KNIGHT GALAXIES\TOOLS\JKG STUDIO\TRUNK\JKGSTUDIO\RELEASE\MOC_MDIBASE.OBJ
F:\CODE PROJECTS\C\JEDI KNIGHT GALAXIES\TOOLS\JKG STUDIO\TRUNK\JKGSTUDIO\RELEASE\MOC_PROPERTYMANAGER.OBJ
F:\CODE PROJECTS\C\JEDI KNIGHT GALAXIES\TOOLS\JKG STUDIO\TRUNK\JKGSTUDIO\RELEASE\MOC_QGLUAEDITOR.OBJ
F:\CODE PROJECTS\C\JEDI KNIGHT GALAXIES\TOOLS\JKG STUDIO\TRUNK\JKGSTUDIO\RELEASE\MOC_QTPROPERTYBROWSERUTILS_P.OBJ
F:\CODE PROJECTS\C\JEDI KNIGHT GALAXIES\TOOLS\JKG STUDIO\TRUNK\JKGSTUDIO\RELEASE\MOC_QTWINDOWLISTMENU.OBJ
F:\CODE PROJECTS\C\JEDI KNIGHT GALAXIES\TOOLS\JKG STUDIO\TRUNK\JKGSTUDIO\RELEASE\MOC_SCRIPTEDITOR.OBJ
F:\CODE PROJECTS\C\JEDI KNIGHT GALAXIES\TOOLS\JKG STUDIO\TRUNK\JKGSTUDIO\RELEASE\MOC_SCRIPTPROPERTY.OBJ
F:\CODE PROJECTS\C\JEDI KNIGHT GALAXIES\TOOLS\JKG STUDIO\TRUNK\JKGSTUDIO\RELEASE\PROPERTYMANAGER.OBJ
F:\CODE PROJECTS\C\JEDI KNIGHT GALAXIES\TOOLS\JKG STUDIO\TRUNK\JKGSTUDIO\RELEASE\QGLUAEDITOR.OBJ
F:\CODE PROJECTS\C\JEDI KNIGHT GALAXIES\TOOLS\JKG STUDIO\TRUNK\JKGSTUDIO\RELEASE\QRC_JKGSTUDIO.OBJ
F:\CODE PROJECTS\C\JEDI KNIGHT GALAXIES\TOOLS\JKG STUDIO\TRUNK\JKGSTUDIO\RELEASE\QTPROPERTYBROWSERUTILS.OBJ
F:\CODE PROJECTS\C\JEDI KNIGHT GALAXIES\TOOLS\JKG STUDIO\TRUNK\JKGSTUDIO\RELEASE\QTWINDOWLISTMENU.OBJ
F:\Code Projects\C\Jedi Knight Galaxies\Tools\JKG Studio\trunk\JKGStudio\Release\rc.command.1.tlog
F:\Code Projects\C\Jedi Knight Galaxies\Tools\JKG Studio\trunk\JKGStudio\Release\rc.read.1.tlog
F:\Code Projects\C\Jedi Knight Galaxies\Tools\JKG Studio\trunk\JKGStudio\Release\rc.write.1.tlog
F:\CODE PROJECTS\C\JEDI KNIGHT GALAXIES\TOOLS\JKG STUDIO\TRUNK\JKGSTUDIO\RELEASE\SCRIPTEDITOR.OBJ
F:\CODE PROJECTS\C\JEDI KNIGHT GALAXIES\TOOLS\JKG STUDIO\TRUNK\JKGSTUDIO\RELEASE\SCRIPTPROPERTY.OBJ
