Build started 11/16/2012 9:03:40 PM.
     1>Project "F:\Code Projects\C\Jedi Knight Galaxies\Tools\JKG Studio\trunk\JKGStudio\JKGStudio.vcxproj" on node 2 (build target(s)).
     1>InitializeBuildStatus:
         Creating "Debug\JKGStudio.unsuccessfulbuild" because "AlwaysCreate" was specified.
       ComputeCustomBuildOutput:
         Creating directory "F:\Code Projects\C\Jedi Knight Galaxies\Tools\JKG Studio\trunk\JKGStudio\GeneratedFiles\Debug\".
       CustomBuild:
         Moc'ing jkgstudio.h...
         Uic'ing jkgstudio.ui...
         Moc'ing scripteditor.h...
         Moc'ing scriptproperty.h...
         Moc'ing dlgeditor.h...
         Moc'ing dlgmodel.h...
         Moc'ing 3rdparty\QtWindowListMenu\qtwindowlistmenu.h...
         Moc'ing fontwizard.h...
         Moc'ing luaeditor.h...
         Moc'ing glualexer.h...
         Moc'ing mdibase.h...
         Moc'ing qgluaeditor.h...
         Moc'ing propertymanager.h...
         Rcc'ing jkgstudio.qrc...
         RCC: Error in 'F:\Code Projects\C\Jedi Knight Galaxies\Tools\JKG Studio\trunk\JKGStudio\jkgstudio.qrc': Cannot find file 'Resources/Graphics/Icons/reset.png'
         
     1>C:\Program Files (x86)\MSBuild\Microsoft.Cpp\v4.0\Microsoft.CppCommon.targets(151,5): error MSB6006: "cmd.exe" exited with code 1.
     1>Done Building Project "F:\Code Projects\C\Jedi Knight Galaxies\Tools\JKG Studio\trunk\JKGStudio\JKGStudio.vcxproj" (build target(s)) -- FAILED.

Build FAILED.

Time Elapsed 00:00:02.53
